<?xml version="1.0" encoding="UTF-8"?>
<!-- Generated by org.testng.reporters.JUnitXMLReporter -->
<testsuite ignored="7" hostname="hp-H310B" failures="0" tests="0" time="0.009" errors="0" timestamp="2024-04-24T11:45:44 IST">
  <testcase classname="testcases_package.sanityAfterLogin" name="verify_dropdown_navigate_to_my_profile" time="0.0">
    <ignored/>
  </testcase> <!-- verify_dropdown_navigate_to_my_profile -->
  <testcase classname="testcases_package.sanityAfterLogin" name="verify_dropdown_values_Static_Residential_Proxies" time="0.0">
    <ignored/>
  </testcase> <!-- verify_dropdown_values_Static_Residential_Proxies -->
  <testcase classname="testcases_package.sanityAfterLogin" name="verify_try_now_button_is_functional2" time="0.0">
    <ignored/>
  </testcase> <!-- verify_try_now_button_is_functional2 -->
  <testcase classname="testcases_package.sanityAfterLogin" name="verify_try_now_button_is_functional" time="0.0">
    <ignored/>
  </testcase> <!-- verify_try_now_button_is_functional -->
  <testcase classname="testcases_package.sanityAfterLogin" name="verify_dropdown_values_Dedicated_Datacenter_Proxies" time="0.0">
    <ignored/>
  </testcase> <!-- verify_dropdown_values_Dedicated_Datacenter_Proxies -->
  <testcase classname="testcases_package.sanityAfterLogin" name="verify_dropdown_values_Shared_Datacenter" time="0.0">
    <ignored/>
  </testcase> <!-- verify_dropdown_values_Shared_Datacenter -->
  <testcase classname="testcases_package.sanityAfterLogin" name="verify_dropdown_navigate_to_my_proxies_page" time="0.0">
    <ignored/>
  </testcase> <!-- verify_dropdown_navigate_to_my_proxies_page -->
</testsuite>
