<?xml version="1.0" encoding="UTF-8"?>
<testng-results ignored="0" total="1" passed="1" failed="0" skipped="0">
  <reporter-output>
  </reporter-output>
  <suite started-at="2024-05-06T18:36:28 IST" name="Default suite" finished-at="2024-05-06T18:37:07 IST" duration-ms="39176">
    <groups>
    </groups>
    <test started-at="2024-05-06T18:36:28 IST" name="Default test" finished-at="2024-05-06T18:37:07 IST" duration-ms="39176">
      <class name="testcases_package.Purchase_from_legacy">
        <test-method is-config="true" signature="start_bowser(java.lang.String)[pri:0, instance:testcases_package.Purchase_from_legacy@1d119efb]" started-at="2024-05-06T18:36:28 IST" name="start_bowser" finished-at="2024-05-06T18:36:36 IST" duration-ms="8040" status="PASS">
          <params>
            <param index="0">
              <value>
                <![CDATA[chrome]]>
              </value>
            </param>
          </params>
          <reporter-output>
          </reporter-output>
        </test-method> <!-- start_bowser -->
        <test-method signature="Purchase_ISP_Primium()[pri:0, instance:testcases_package.Purchase_from_legacy@1d119efb]" started-at="2024-05-06T18:36:36 IST" name="Purchase_ISP_Primium" finished-at="2024-05-06T18:37:07 IST" duration-ms="30988" status="PASS">
          <reporter-output>
          </reporter-output>
        </test-method> <!-- Purchase_ISP_Primium -->
        <test-method is-config="true" signature="Close_Browser()[pri:0, instance:testcases_package.Purchase_from_legacy@1d119efb]" started-at="2024-05-06T18:37:07 IST" name="Close_Browser" finished-at="2024-05-06T18:37:07 IST" duration-ms="118" status="PASS">
          <reporter-output>
          </reporter-output>
        </test-method> <!-- Close_Browser -->
      </class> <!-- testcases_package.Purchase_from_legacy -->
    </test> <!-- Default test -->
  </suite> <!-- Default suite -->
</testng-results>
